<?xml version="1.0" encoding="UTF-8"?>
<testsuite name="tests.RegistrationWithFakerTests" tests="1" skipped="0" failures="0" errors="0" timestamp="2024-03-03T17:52:01" hostname="YRS0051" time="4.098">
  <properties/>
  <testcase name="minimalRegistrationTest()" classname="tests.RegistrationWithFakerTests" time="4.098"/>
  <system-out><![CDATA[]]></system-out>
  <system-err><![CDATA[SLF4J: No SLF4J providers were found.
SLF4J: Defaulting to no-operation (NOP) logger implementation
SLF4J: See https://www.slf4j.org/codes.html#noProviders for further details.
мар. 03, 2024 8:52:02 PM org.openqa.selenium.devtools.CdpVersionFinder findNearestMatch
WARNING: Unable to find an exact match for CDP version 122, returning the closest version; found: 120; Please update to a Selenium version that supports CDP version 122
]]></system-err>
</testsuite>
